<?xml version="1.0" encoding="UTF-8"?>
<!-- Generated by org.testng.reporters.JUnitReportReporter -->
<testsuite skipped="0" hostname="BHOOMI" name="com.kiran.smava.testScripts.TC001_LoanSelection" tests="1" failures="0" timestamp="18 Sep 2017 05:18:45 GMT" time="57.591" errors="0">
  <testcase name="UserDetails" time="57.591" classname="com.kiran.smava.testScripts.TC001_LoanSelection"/>
</testsuite> <!-- com.kiran.smava.testScripts.TC001_LoanSelection -->
