<?xml version="1.0" encoding="UTF-8"?>
<!-- Generated by org.testng.reporters.JUnitReportReporter -->
<testsuite skipped="0" hostname="BHOOMI" name="com.kiran.smava.testScripts.TC002_UserLogin" tests="1" failures="0" timestamp="18 Sep 2017 05:18:45 GMT" time="31.421" errors="0">
  <testcase name="signIn" time="31.421" classname="com.kiran.smava.testScripts.TC002_UserLogin"/>
</testsuite> <!-- com.kiran.smava.testScripts.TC002_UserLogin -->
